Arguments: 
  C:\Program Files\nodejs\node.exe C:\Program Files (x86)\Yarn\bin\yarn.js add react-quill

PATH: 
  C:\Program Files\Git\mingw64\bin;C:\Program Files\Git\usr\bin;C:\Users\ngohu\bin;C:\Python27;C:\Python27\Scripts;C:\Windows\system32;C:\Windows;C:\Windows\System32\Wbem;C:\Windows\System32\WindowsPowerShell\v1.0;C:\Windows\System32\OpenSSH;C:\Program Files\PuTTY;D:\Program Files\Microsoft VS Code\bin;C:\Program Files (x86)\ATI Technologies\ATI.ACE\Core-Static;C:\Program Files\Git\cmd;C:\ProgramData\chocolatey\bin;C:\Program Files\nodejs;C:\Program Files (x86)\Yarn\bin;C:\Users\ngohu\AppData\Local\Microsoft\WindowsApps;C:\Users\ngohu\AppData\Local\Programs\Microsoft VS Code\bin;C:\Users\ngohu\AppData\Roaming\npm;C:\Users\ngohu\AppData\Local\Yarn\bin;C:\Program Files\heroku\bin

Yarn version: 
  1.22.4

Node version: 
  10.20.1

Platform: 
  win32 x64

Trace: 
  Error: EPERM: operation not permitted, unlink 'D:\SourceCode\dev-connector-update\client\node_modules\postcss-calc\node_modules\postcss-selector-parser\node_modules\.bin'

npm manifest: 
  {
    "name": "create-react-app-antd",
    "version": "0.1.0",
    "private": true,
    "engines": {
      "npm": "6.14.4",
      "node": "10.20.1",
      "yarn": "1.22.4"
    },
    "dependencies": {
      "@ant-design/icons": "^4.2.1",
      "@testing-library/jest-dom": "^5.8.0",
      "@testing-library/react": "^9.3.2",
      "@testing-library/user-event": "^10.3.5",
      "antd": "^4.3.0",
      "antd-img-crop": "^3.3.0",
      "axios": "^0.19.2",
      "babel-plugin-import": "^1.13.0",
      "customize-cra": "^0.9.1",
      "less": "^3.11.1",
      "less-loader": "^5.0.0",
      "query-string": "^6.13.1",
      "react": "^16.13.1",
      "react-app-rewired": "^2.1.6",
      "react-cropper": "^1.3.0",
      "react-dom": "^16.13.1",
      "react-dropzone": "^11.0.1",
      "react-lazyload": "^2.6.7",
      "react-redux": "^7.2.0",
      "react-redux-toastr": "^7.6.5",
      "react-router-dom": "^5.2.0",
      "react-scripts": "3.4.1",
      "redux": "^4.0.5",
      "redux-thunk": "^2.3.0"
    },
    "scripts": {
      "start": "react-app-rewired start",
      "build": "react-app-rewired build",
      "test": "react-app-rewired test",
      "eject": "react-scripts eject"
    },
    "eslintConfig": {
      "extends": "react-app"
    },
    "browserslist": {
      "production": [
        ">0.2%",
        "not dead",
        "not op_mini all"
      ],
      "development": [
        "last 1 chrome version",
        "last 1 firefox version",
        "last 1 safari version"
      ]
    },
    "devDependencies": {
      "redux-devtools-extension": "^2.13.8"
    },
    "proxy": "http://localhost:5000"
  }

yarn manifest: 
  No manifest

Lockfile: 
  No lockfile
